<?xml version="1.0" encoding="UTF-8"?>
<!-- Generated by org.testng.reporters.JUnitReportReporter -->
<testsuite skipped="0" hostname="abc-PC" name="Functionaltesting.Sprint1" tests="1" failures="0" timestamp="31 Mar 2019 11:57:06 GMT" time="17.309" errors="0">
  <testcase name="Testcase12" time="17.309" classname="Functionaltesting.Sprint1"/>
</testsuite> <!-- Functionaltesting.Sprint1 -->
